{"/Users/ivansan/Documents/Programming-repos/absalom/backend/controllers/characterByKeyController.js": {"path":"/Users/ivansan/Documents/Programming-repos/absalom/backend/controllers/characterByKeyController.js","statementMap":{"0":{"start":{"line":5,"column":43},"end":{"line":5,"column":52}},"1":{"start":{"line":6,"column":18},"end":{"line":6,"column":66}},"2":{"start":{"line":7,"column":21},"end":{"line":9,"column":5}},"3":{"start":{"line":8,"column":6},"end":{"line":8,"column":50}},"4":{"start":{"line":11,"column":4},"end":{"line":13,"column":22}},"5":{"start":{"line":15,"column":2},"end":{"line":17,"column":4}},"6":{"start":{"line":20,"column":0},"end":{"line":20,"column":42}}},"fnMap":{"0":{"name":"characterByKeyController","decl":{"start":{"line":3,"column":9},"end":{"line":3,"column":33}},"loc":{"start":{"line":3,"column":45},"end":{"line":18,"column":1}},"line":3},"1":{"name":"getMethod","decl":{"start":{"line":4,"column":11},"end":{"line":4,"column":20}},"loc":{"start":{"line":4,"column":31},"end":{"line":14,"column":3}},"line":4},"2":{"name":"(anonymous_2)","decl":{"start":{"line":7,"column":21},"end":{"line":7,"column":22}},"loc":{"start":{"line":7,"column":41},"end":{"line":9,"column":5}},"line":7}},"branchMap":{"0":{"loc":{"start":{"line":8,"column":6},"end":{"line":8,"column":49}},"type":"cond-expr","locations":[{"start":{"line":8,"column":14},"end":{"line":8,"column":29}},{"start":{"line":8,"column":32},"end":{"line":8,"column":49}}],"line":8}},"s":{"0":2,"1":2,"2":2,"3":2,"4":2,"5":1,"6":1},"f":{"0":1,"1":2,"2":2},"b":{"0":[1,1]},"_coverageSchema":"1a1c01bbd47fc00a2c39e90264f33305004495a9","hash":"4cfcefe91699c56d9a702fd73b109957e3c2504d"}
,"/Users/ivansan/Documents/Programming-repos/absalom/backend/controllers/characterController.js": {"path":"/Users/ivansan/Documents/Programming-repos/absalom/backend/controllers/characterController.js","statementMap":{"0":{"start":{"line":5,"column":28},"end":{"line":5,"column":37}},"1":{"start":{"line":6,"column":18},"end":{"line":6,"column":38}},"2":{"start":{"line":7,"column":21},"end":{"line":9,"column":5}},"3":{"start":{"line":8,"column":6},"end":{"line":8,"column":50}},"4":{"start":{"line":11,"column":4},"end":{"line":13,"column":22}},"5":{"start":{"line":17,"column":46},"end":{"line":17,"column":54}},"6":{"start":{"line":18,"column":18},"end":{"line":18,"column":38}},"7":{"start":{"line":20,"column":4},"end":{"line":22,"column":7}},"8":{"start":{"line":21,"column":6},"end":{"line":21,"column":52}},"9":{"start":{"line":26,"column":24},"end":{"line":26,"column":38}},"10":{"start":{"line":28,"column":18},"end":{"line":28,"column":38}},"11":{"start":{"line":30,"column":4},"end":{"line":32,"column":7}},"12":{"start":{"line":31,"column":6},"end":{"line":31,"column":59}},"13":{"start":{"line":36,"column":29},"end":{"line":36,"column":37}},"14":{"start":{"line":37,"column":4},"end":{"line":39,"column":7}},"15":{"start":{"line":38,"column":6},"end":{"line":38,"column":52}},"16":{"start":{"line":42,"column":2},"end":{"line":47,"column":4}},"17":{"start":{"line":50,"column":0},"end":{"line":50,"column":37}}},"fnMap":{"0":{"name":"characterController","decl":{"start":{"line":3,"column":9},"end":{"line":3,"column":28}},"loc":{"start":{"line":3,"column":40},"end":{"line":48,"column":1}},"line":3},"1":{"name":"getMethod","decl":{"start":{"line":4,"column":11},"end":{"line":4,"column":20}},"loc":{"start":{"line":4,"column":31},"end":{"line":14,"column":3}},"line":4},"2":{"name":"(anonymous_2)","decl":{"start":{"line":7,"column":21},"end":{"line":7,"column":22}},"loc":{"start":{"line":7,"column":41},"end":{"line":9,"column":5}},"line":7},"3":{"name":"patchMethod","decl":{"start":{"line":16,"column":11},"end":{"line":16,"column":22}},"loc":{"start":{"line":16,"column":33},"end":{"line":23,"column":3}},"line":16},"4":{"name":"(anonymous_4)","decl":{"start":{"line":20,"column":71},"end":{"line":20,"column":72}},"loc":{"start":{"line":20,"column":93},"end":{"line":22,"column":5}},"line":20},"5":{"name":"deleteMethod","decl":{"start":{"line":25,"column":11},"end":{"line":25,"column":23}},"loc":{"start":{"line":25,"column":34},"end":{"line":33,"column":3}},"line":25},"6":{"name":"(anonymous_6)","decl":{"start":{"line":30,"column":38},"end":{"line":30,"column":39}},"loc":{"start":{"line":30,"column":67},"end":{"line":32,"column":5}},"line":30},"7":{"name":"postMethod","decl":{"start":{"line":35,"column":11},"end":{"line":35,"column":21}},"loc":{"start":{"line":35,"column":32},"end":{"line":40,"column":3}},"line":35},"8":{"name":"(anonymous_8)","decl":{"start":{"line":37,"column":35},"end":{"line":37,"column":36}},"loc":{"start":{"line":37,"column":57},"end":{"line":39,"column":5}},"line":37}},"branchMap":{"0":{"loc":{"start":{"line":8,"column":6},"end":{"line":8,"column":49}},"type":"cond-expr","locations":[{"start":{"line":8,"column":14},"end":{"line":8,"column":29}},{"start":{"line":8,"column":32},"end":{"line":8,"column":49}}],"line":8},"1":{"loc":{"start":{"line":21,"column":6},"end":{"line":21,"column":51}},"type":"cond-expr","locations":[{"start":{"line":21,"column":14},"end":{"line":21,"column":29}},{"start":{"line":21,"column":32},"end":{"line":21,"column":51}}],"line":21},"2":{"loc":{"start":{"line":31,"column":6},"end":{"line":31,"column":58}},"type":"cond-expr","locations":[{"start":{"line":31,"column":14},"end":{"line":31,"column":29}},{"start":{"line":31,"column":32},"end":{"line":31,"column":58}}],"line":31},"3":{"loc":{"start":{"line":38,"column":6},"end":{"line":38,"column":51}},"type":"cond-expr","locations":[{"start":{"line":38,"column":14},"end":{"line":38,"column":29}},{"start":{"line":38,"column":32},"end":{"line":38,"column":51}}],"line":38}},"s":{"0":2,"1":2,"2":2,"3":2,"4":2,"5":2,"6":2,"7":2,"8":2,"9":2,"10":2,"11":2,"12":2,"13":2,"14":2,"15":2,"16":1,"17":1},"f":{"0":1,"1":2,"2":2,"3":2,"4":2,"5":2,"6":2,"7":2,"8":2},"b":{"0":[1,1],"1":[1,1],"2":[1,1],"3":[1,1]},"_coverageSchema":"1a1c01bbd47fc00a2c39e90264f33305004495a9","hash":"80409a31725ffbab062fe625237cc9e053d4651a"}
,"/Users/ivansan/Documents/Programming-repos/absalom/backend/controllers/charactersController.js": {"path":"/Users/ivansan/Documents/Programming-repos/absalom/backend/controllers/charactersController.js","statementMap":{"0":{"start":{"line":3,"column":24},"end":{"line":3,"column":33}},"1":{"start":{"line":4,"column":18},"end":{"line":4,"column":36}},"2":{"start":{"line":5,"column":35},"end":{"line":7,"column":5}},"3":{"start":{"line":6,"column":6},"end":{"line":6,"column":50}},"4":{"start":{"line":8,"column":4},"end":{"line":10,"column":36}},"5":{"start":{"line":13,"column":2},"end":{"line":15,"column":4}},"6":{"start":{"line":18,"column":0},"end":{"line":18,"column":38}}},"fnMap":{"0":{"name":"charactersController","decl":{"start":{"line":1,"column":9},"end":{"line":1,"column":29}},"loc":{"start":{"line":1,"column":41},"end":{"line":16,"column":1}},"line":1},"1":{"name":"getMethod","decl":{"start":{"line":2,"column":11},"end":{"line":2,"column":20}},"loc":{"start":{"line":2,"column":31},"end":{"line":11,"column":3}},"line":2},"2":{"name":"(anonymous_2)","decl":{"start":{"line":5,"column":35},"end":{"line":5,"column":36}},"loc":{"start":{"line":5,"column":55},"end":{"line":7,"column":5}},"line":5}},"branchMap":{"0":{"loc":{"start":{"line":6,"column":6},"end":{"line":6,"column":49}},"type":"cond-expr","locations":[{"start":{"line":6,"column":14},"end":{"line":6,"column":29}},{"start":{"line":6,"column":32},"end":{"line":6,"column":49}}],"line":6}},"s":{"0":2,"1":2,"2":2,"3":2,"4":2,"5":1,"6":1},"f":{"0":1,"1":2,"2":2},"b":{"0":[1,1]},"_coverageSchema":"1a1c01bbd47fc00a2c39e90264f33305004495a9","hash":"03820196f8b6279ba250acffd6f6141522deb39c"}
,"/Users/ivansan/Documents/Programming-repos/absalom/backend/controllers/userController.js": {"path":"/Users/ivansan/Documents/Programming-repos/absalom/backend/controllers/userController.js","statementMap":{"0":{"start":{"line":3,"column":23},"end":{"line":3,"column":32}},"1":{"start":{"line":4,"column":18},"end":{"line":4,"column":33}},"2":{"start":{"line":5,"column":21},"end":{"line":7,"column":5}},"3":{"start":{"line":6,"column":6},"end":{"line":6,"column":50}},"4":{"start":{"line":9,"column":4},"end":{"line":11,"column":22}},"5":{"start":{"line":15,"column":36},"end":{"line":15,"column":44}},"6":{"start":{"line":16,"column":18},"end":{"line":16,"column":33}},"7":{"start":{"line":18,"column":4},"end":{"line":20,"column":7}},"8":{"start":{"line":19,"column":6},"end":{"line":19,"column":47}},"9":{"start":{"line":24,"column":20},"end":{"line":24,"column":34}},"10":{"start":{"line":26,"column":18},"end":{"line":26,"column":40}},"11":{"start":{"line":28,"column":4},"end":{"line":30,"column":7}},"12":{"start":{"line":29,"column":6},"end":{"line":29,"column":54}},"13":{"start":{"line":34,"column":4},"end":{"line":55,"column":5}},"14":{"start":{"line":35,"column":19},"end":{"line":35,"column":27}},"15":{"start":{"line":36,"column":20},"end":{"line":36,"column":41}},"16":{"start":{"line":37,"column":25},"end":{"line":37,"column":50}},"17":{"start":{"line":39,"column":6},"end":{"line":52,"column":7}},"18":{"start":{"line":40,"column":8},"end":{"line":40,"column":29}},"19":{"start":{"line":42,"column":24},"end":{"line":49,"column":9}},"20":{"start":{"line":50,"column":28},"end":{"line":50,"column":54}},"21":{"start":{"line":51,"column":8},"end":{"line":51,"column":30}},"22":{"start":{"line":54,"column":6},"end":{"line":54,"column":22}},"23":{"start":{"line":58,"column":2},"end":{"line":63,"column":4}},"24":{"start":{"line":66,"column":0},"end":{"line":66,"column":32}}},"fnMap":{"0":{"name":"userController","decl":{"start":{"line":1,"column":9},"end":{"line":1,"column":23}},"loc":{"start":{"line":1,"column":30},"end":{"line":64,"column":1}},"line":1},"1":{"name":"getMethod","decl":{"start":{"line":2,"column":11},"end":{"line":2,"column":20}},"loc":{"start":{"line":2,"column":31},"end":{"line":12,"column":3}},"line":2},"2":{"name":"(anonymous_2)","decl":{"start":{"line":5,"column":21},"end":{"line":5,"column":22}},"loc":{"start":{"line":5,"column":41},"end":{"line":7,"column":5}},"line":5},"3":{"name":"patchMethod","decl":{"start":{"line":14,"column":11},"end":{"line":14,"column":22}},"loc":{"start":{"line":14,"column":33},"end":{"line":21,"column":3}},"line":14},"4":{"name":"(anonymous_4)","decl":{"start":{"line":18,"column":61},"end":{"line":18,"column":62}},"loc":{"start":{"line":18,"column":78},"end":{"line":20,"column":5}},"line":18},"5":{"name":"deleteMethod","decl":{"start":{"line":23,"column":11},"end":{"line":23,"column":23}},"loc":{"start":{"line":23,"column":34},"end":{"line":31,"column":3}},"line":23},"6":{"name":"(anonymous_6)","decl":{"start":{"line":28,"column":33},"end":{"line":28,"column":34}},"loc":{"start":{"line":28,"column":57},"end":{"line":30,"column":5}},"line":28},"7":{"name":"postMethod","decl":{"start":{"line":33,"column":17},"end":{"line":33,"column":27}},"loc":{"start":{"line":33,"column":38},"end":{"line":56,"column":3}},"line":33}},"branchMap":{"0":{"loc":{"start":{"line":6,"column":6},"end":{"line":6,"column":49}},"type":"cond-expr","locations":[{"start":{"line":6,"column":14},"end":{"line":6,"column":29}},{"start":{"line":6,"column":32},"end":{"line":6,"column":49}}],"line":6},"1":{"loc":{"start":{"line":19,"column":6},"end":{"line":19,"column":46}},"type":"cond-expr","locations":[{"start":{"line":19,"column":14},"end":{"line":19,"column":29}},{"start":{"line":19,"column":32},"end":{"line":19,"column":46}}],"line":19},"2":{"loc":{"start":{"line":29,"column":6},"end":{"line":29,"column":53}},"type":"cond-expr","locations":[{"start":{"line":29,"column":14},"end":{"line":29,"column":29}},{"start":{"line":29,"column":32},"end":{"line":29,"column":53}}],"line":29},"3":{"loc":{"start":{"line":39,"column":6},"end":{"line":52,"column":7}},"type":"if","locations":[{"start":{"line":39,"column":6},"end":{"line":52,"column":7}},{"start":{"line":39,"column":6},"end":{"line":52,"column":7}}],"line":39}},"s":{"0":2,"1":2,"2":2,"3":2,"4":2,"5":2,"6":2,"7":2,"8":2,"9":2,"10":2,"11":2,"12":2,"13":3,"14":3,"15":3,"16":3,"17":2,"18":1,"19":1,"20":1,"21":1,"22":1,"23":1,"24":1},"f":{"0":1,"1":2,"2":2,"3":2,"4":2,"5":2,"6":2,"7":3},"b":{"0":[1,1],"1":[1,1],"2":[1,1],"3":[1,1]},"_coverageSchema":"1a1c01bbd47fc00a2c39e90264f33305004495a9","hash":"69ab82aac4cec7918faab4cc22b917928a84afd0"}
,"/Users/ivansan/Documents/Programming-repos/absalom/backend/controllers/usersController.js": {"path":"/Users/ivansan/Documents/Programming-repos/absalom/backend/controllers/usersController.js","statementMap":{"0":{"start":{"line":3,"column":25},"end":{"line":3,"column":34}},"1":{"start":{"line":4,"column":18},"end":{"line":4,"column":30}},"2":{"start":{"line":5,"column":21},"end":{"line":7,"column":5}},"3":{"start":{"line":6,"column":6},"end":{"line":6,"column":50}},"4":{"start":{"line":9,"column":4},"end":{"line":11,"column":22}},"5":{"start":{"line":13,"column":2},"end":{"line":15,"column":4}},"6":{"start":{"line":18,"column":0},"end":{"line":18,"column":33}}},"fnMap":{"0":{"name":"usersController","decl":{"start":{"line":1,"column":9},"end":{"line":1,"column":24}},"loc":{"start":{"line":1,"column":31},"end":{"line":16,"column":1}},"line":1},"1":{"name":"getMethod","decl":{"start":{"line":2,"column":11},"end":{"line":2,"column":20}},"loc":{"start":{"line":2,"column":31},"end":{"line":12,"column":3}},"line":2},"2":{"name":"(anonymous_2)","decl":{"start":{"line":5,"column":21},"end":{"line":5,"column":22}},"loc":{"start":{"line":5,"column":41},"end":{"line":7,"column":5}},"line":5}},"branchMap":{"0":{"loc":{"start":{"line":6,"column":6},"end":{"line":6,"column":49}},"type":"cond-expr","locations":[{"start":{"line":6,"column":14},"end":{"line":6,"column":29}},{"start":{"line":6,"column":32},"end":{"line":6,"column":49}}],"line":6}},"s":{"0":2,"1":2,"2":2,"3":2,"4":2,"5":1,"6":1},"f":{"0":1,"1":2,"2":2},"b":{"0":[1,1]},"_coverageSchema":"1a1c01bbd47fc00a2c39e90264f33305004495a9","hash":"4886ac82e6a7ace7521e3e8d2ddfdf2272241e0a"}
,"/Users/ivansan/Documents/Programming-repos/absalom/backend/models/characterModel.js": {"path":"/Users/ivansan/Documents/Programming-repos/absalom/backend/models/characterModel.js","statementMap":{"0":{"start":{"line":1,"column":26},"end":{"line":1,"column":45}},"1":{"start":{"line":3,"column":24},"end":{"line":43,"column":2}},"2":{"start":{"line":45,"column":0},"end":{"line":45,"column":54}}},"fnMap":{},"branchMap":{},"s":{"0":3,"1":3,"2":3},"f":{},"b":{},"_coverageSchema":"1a1c01bbd47fc00a2c39e90264f33305004495a9","hash":"05232ee75459c4103220cd269bdf40e3be183fc4"}
,"/Users/ivansan/Documents/Programming-repos/absalom/backend/models/userModel.js": {"path":"/Users/ivansan/Documents/Programming-repos/absalom/backend/models/userModel.js","statementMap":{"0":{"start":{"line":1,"column":26},"end":{"line":1,"column":45}},"1":{"start":{"line":3,"column":19},"end":{"line":17,"column":2}},"2":{"start":{"line":19,"column":0},"end":{"line":19,"column":44}}},"fnMap":{},"branchMap":{},"s":{"0":2,"1":2,"2":2},"f":{},"b":{},"_coverageSchema":"1a1c01bbd47fc00a2c39e90264f33305004495a9","hash":"0c089fa52664089141811db33dcbf6935aaa45a4"}
}
