TN:
SF:controllers/characterByKeyController.js
FN:3,characterByKeyController
FN:4,getMethod
FN:7,(anonymous_2)
FNF:3
FNH:3
FNDA:1,characterByKeyController
FNDA:2,getMethod
FNDA:2,(anonymous_2)
DA:5,2
DA:6,2
DA:7,2
DA:8,2
DA:11,2
DA:15,1
DA:20,1
LF:7
LH:7
BRDA:8,0,0,1
BRDA:8,0,1,1
BRF:2
BRH:2
end_of_record
TN:
SF:controllers/characterController.js
FN:3,characterController
FN:4,getMethod
FN:7,(anonymous_2)
FN:16,patchMethod
FN:20,(anonymous_4)
FN:25,deleteMethod
FN:30,(anonymous_6)
FN:35,postMethod
FN:37,(anonymous_8)
FNF:9
FNH:9
FNDA:1,characterController
FNDA:2,getMethod
FNDA:2,(anonymous_2)
FNDA:2,patchMethod
FNDA:2,(anonymous_4)
FNDA:2,deleteMethod
FNDA:2,(anonymous_6)
FNDA:2,postMethod
FNDA:2,(anonymous_8)
DA:5,2
DA:6,2
DA:7,2
DA:8,2
DA:11,2
DA:17,2
DA:18,2
DA:20,2
DA:21,2
DA:26,2
DA:28,2
DA:30,2
DA:31,2
DA:36,2
DA:37,2
DA:38,2
DA:42,1
DA:50,1
LF:18
LH:18
BRDA:8,0,0,1
BRDA:8,0,1,1
BRDA:21,1,0,1
BRDA:21,1,1,1
BRDA:31,2,0,1
BRDA:31,2,1,1
BRDA:38,3,0,1
BRDA:38,3,1,1
BRF:8
BRH:8
end_of_record
TN:
SF:controllers/charactersController.js
FN:1,charactersController
FN:2,getMethod
FN:5,(anonymous_2)
FNF:3
FNH:3
FNDA:1,charactersController
FNDA:2,getMethod
FNDA:2,(anonymous_2)
DA:3,2
DA:4,2
DA:5,2
DA:6,2
DA:8,2
DA:13,1
DA:18,1
LF:7
LH:7
BRDA:6,0,0,1
BRDA:6,0,1,1
BRF:2
BRH:2
end_of_record
TN:
SF:controllers/userController.js
FN:1,userController
FN:2,getMethod
FN:5,(anonymous_2)
FN:14,patchMethod
FN:18,(anonymous_4)
FN:23,deleteMethod
FN:28,(anonymous_6)
FN:33,postMethod
FNF:8
FNH:8
FNDA:1,userController
FNDA:2,getMethod
FNDA:2,(anonymous_2)
FNDA:2,patchMethod
FNDA:2,(anonymous_4)
FNDA:2,deleteMethod
FNDA:2,(anonymous_6)
FNDA:3,postMethod
DA:3,2
DA:4,2
DA:5,2
DA:6,2
DA:9,2
DA:15,2
DA:16,2
DA:18,2
DA:19,2
DA:24,2
DA:26,2
DA:28,2
DA:29,2
DA:34,3
DA:35,3
DA:36,3
DA:37,3
DA:39,2
DA:40,1
DA:42,1
DA:50,1
DA:51,1
DA:54,1
DA:58,1
DA:66,1
LF:25
LH:25
BRDA:6,0,0,1
BRDA:6,0,1,1
BRDA:19,1,0,1
BRDA:19,1,1,1
BRDA:29,2,0,1
BRDA:29,2,1,1
BRDA:39,3,0,1
BRDA:39,3,1,1
BRF:8
BRH:8
end_of_record
TN:
SF:controllers/usersController.js
FN:1,usersController
FN:2,getMethod
FN:5,(anonymous_2)
FNF:3
FNH:3
FNDA:1,usersController
FNDA:2,getMethod
FNDA:2,(anonymous_2)
DA:3,2
DA:4,2
DA:5,2
DA:6,2
DA:9,2
DA:13,1
DA:18,1
LF:7
LH:7
BRDA:6,0,0,1
BRDA:6,0,1,1
BRF:2
BRH:2
end_of_record
TN:
SF:models/characterModel.js
FNF:0
FNH:0
DA:1,3
DA:3,3
DA:45,3
LF:3
LH:3
BRF:0
BRH:0
end_of_record
TN:
SF:models/userModel.js
FNF:0
FNH:0
DA:1,2
DA:3,2
DA:19,2
LF:3
LH:3
BRF:0
BRH:0
end_of_record
