{"/Users/ivansan/Documents/Programming-repos/ivansannicolas/projects/absalom/frontend/src/components/CharacterDetail/CharacterDetailFunctions.js": {"path":"/Users/ivansan/Documents/Programming-repos/ivansannicolas/projects/absalom/frontend/src/components/CharacterDetail/CharacterDetailFunctions.js","statementMap":{"0":{"start":{"line":3,"column":29},"end":{"line":7,"column":1}},"1":{"start":{"line":12,"column":27},"end":{"line":12,"column":49}},"2":{"start":{"line":13,"column":22},"end":{"line":13,"column":42}},"3":{"start":{"line":14,"column":2},"end":{"line":39,"column":3}},"4":{"start":{"line":16,"column":6},"end":{"line":20,"column":7}},"5":{"start":{"line":17,"column":8},"end":{"line":17,"column":50}},"6":{"start":{"line":19,"column":8},"end":{"line":19,"column":49}},"7":{"start":{"line":21,"column":6},"end":{"line":21,"column":12}},"8":{"start":{"line":23,"column":6},"end":{"line":27,"column":7}},"9":{"start":{"line":24,"column":8},"end":{"line":24,"column":46}},"10":{"start":{"line":26,"column":8},"end":{"line":26,"column":45}},"11":{"start":{"line":28,"column":6},"end":{"line":28,"column":12}},"12":{"start":{"line":30,"column":6},"end":{"line":34,"column":7}},"13":{"start":{"line":31,"column":8},"end":{"line":31,"column":46}},"14":{"start":{"line":33,"column":8},"end":{"line":33,"column":45}},"15":{"start":{"line":35,"column":6},"end":{"line":35,"column":12}},"16":{"start":{"line":38,"column":6},"end":{"line":38,"column":12}},"17":{"start":{"line":40,"column":2},"end":{"line":40,"column":41}},"18":{"start":{"line":41,"column":2},"end":{"line":41,"column":59}},"19":{"start":{"line":45,"column":2},"end":{"line":45,"column":57}},"20":{"start":{"line":49,"column":2},"end":{"line":49,"column":39}},"21":{"start":{"line":52,"column":36},"end":{"line":108,"column":1}},"22":{"start":{"line":54,"column":29},"end":{"line":54,"column":51}},"23":{"start":{"line":55,"column":24},"end":{"line":55,"column":44}},"24":{"start":{"line":56,"column":18},"end":{"line":56,"column":22}},"25":{"start":{"line":58,"column":4},"end":{"line":60,"column":5}},"26":{"start":{"line":59,"column":6},"end":{"line":59,"column":29}},"27":{"start":{"line":62,"column":4},"end":{"line":62,"column":36}},"28":{"start":{"line":64,"column":4},"end":{"line":64,"column":31}},"29":{"start":{"line":65,"column":4},"end":{"line":65,"column":61}},"30":{"start":{"line":68,"column":29},"end":{"line":68,"column":51}},"31":{"start":{"line":69,"column":24},"end":{"line":69,"column":44}},"32":{"start":{"line":71,"column":4},"end":{"line":71,"column":33}},"33":{"start":{"line":73,"column":4},"end":{"line":73,"column":31}},"34":{"start":{"line":74,"column":4},"end":{"line":74,"column":61}},"35":{"start":{"line":77,"column":29},"end":{"line":77,"column":51}},"36":{"start":{"line":78,"column":24},"end":{"line":78,"column":44}},"37":{"start":{"line":80,"column":4},"end":{"line":80,"column":33}},"38":{"start":{"line":82,"column":4},"end":{"line":82,"column":31}},"39":{"start":{"line":83,"column":4},"end":{"line":83,"column":61}},"40":{"start":{"line":86,"column":29},"end":{"line":86,"column":51}},"41":{"start":{"line":87,"column":24},"end":{"line":87,"column":44}},"42":{"start":{"line":89,"column":4},"end":{"line":89,"column":43}},"43":{"start":{"line":91,"column":4},"end":{"line":91,"column":31}},"44":{"start":{"line":92,"column":4},"end":{"line":92,"column":61}},"45":{"start":{"line":95,"column":29},"end":{"line":95,"column":51}},"46":{"start":{"line":96,"column":24},"end":{"line":96,"column":44}},"47":{"start":{"line":98,"column":4},"end":{"line":98,"column":32}},"48":{"start":{"line":100,"column":4},"end":{"line":100,"column":31}},"49":{"start":{"line":101,"column":4},"end":{"line":101,"column":61}},"50":{"start":{"line":115,"column":2},"end":{"line":138,"column":3}},"51":{"start":{"line":117,"column":6},"end":{"line":118,"column":36}},"52":{"start":{"line":119,"column":6},"end":{"line":119,"column":12}},"53":{"start":{"line":121,"column":6},"end":{"line":122,"column":36}},"54":{"start":{"line":123,"column":6},"end":{"line":123,"column":12}},"55":{"start":{"line":125,"column":6},"end":{"line":126,"column":36}},"56":{"start":{"line":127,"column":6},"end":{"line":127,"column":12}},"57":{"start":{"line":129,"column":6},"end":{"line":130,"column":37}},"58":{"start":{"line":131,"column":6},"end":{"line":131,"column":12}},"59":{"start":{"line":133,"column":6},"end":{"line":134,"column":35}},"60":{"start":{"line":135,"column":6},"end":{"line":135,"column":12}},"61":{"start":{"line":137,"column":6},"end":{"line":137,"column":12}},"62":{"start":{"line":139,"column":2},"end":{"line":139,"column":48}}},"fnMap":{"0":{"name":"changeSetVisibility","decl":{"start":{"line":9,"column":16},"end":{"line":9,"column":35}},"loc":{"start":{"line":11,"column":2},"end":{"line":42,"column":1}},"line":11},"1":{"name":"displayDeleteCharacterModal","decl":{"start":{"line":44,"column":16},"end":{"line":44,"column":43}},"loc":{"start":{"line":44,"column":99},"end":{"line":46,"column":1}},"line":44},"2":{"name":"displayEditModal","decl":{"start":{"line":48,"column":16},"end":{"line":48,"column":32}},"loc":{"start":{"line":48,"column":70},"end":{"line":50,"column":1}},"line":48},"3":{"name":"(anonymous_3)","decl":{"start":{"line":53,"column":2},"end":{"line":53,"column":3}},"loc":{"start":{"line":53,"column":75},"end":{"line":66,"column":3}},"line":53},"4":{"name":"(anonymous_4)","decl":{"start":{"line":67,"column":2},"end":{"line":67,"column":3}},"loc":{"start":{"line":67,"column":75},"end":{"line":75,"column":3}},"line":67},"5":{"name":"(anonymous_5)","decl":{"start":{"line":76,"column":2},"end":{"line":76,"column":3}},"loc":{"start":{"line":76,"column":75},"end":{"line":84,"column":3}},"line":76},"6":{"name":"(anonymous_6)","decl":{"start":{"line":85,"column":2},"end":{"line":85,"column":3}},"loc":{"start":{"line":85,"column":76},"end":{"line":93,"column":3}},"line":85},"7":{"name":"(anonymous_7)","decl":{"start":{"line":94,"column":2},"end":{"line":94,"column":3}},"loc":{"start":{"line":94,"column":74},"end":{"line":102,"column":3}},"line":94},"8":{"name":"editCharacter","decl":{"start":{"line":110,"column":16},"end":{"line":110,"column":29}},"loc":{"start":{"line":114,"column":2},"end":{"line":140,"column":1}},"line":114}},"branchMap":{"0":{"loc":{"start":{"line":14,"column":2},"end":{"line":39,"column":3}},"type":"switch","locations":[{"start":{"line":15,"column":4},"end":{"line":21,"column":12}},{"start":{"line":22,"column":4},"end":{"line":28,"column":12}},{"start":{"line":29,"column":4},"end":{"line":35,"column":12}},{"start":{"line":37,"column":4},"end":{"line":38,"column":12}}],"line":14},"1":{"loc":{"start":{"line":16,"column":6},"end":{"line":20,"column":7}},"type":"if","locations":[{"start":{"line":16,"column":6},"end":{"line":20,"column":7}},{"start":{"line":16,"column":6},"end":{"line":20,"column":7}}],"line":16},"2":{"loc":{"start":{"line":23,"column":6},"end":{"line":27,"column":7}},"type":"if","locations":[{"start":{"line":23,"column":6},"end":{"line":27,"column":7}},{"start":{"line":23,"column":6},"end":{"line":27,"column":7}}],"line":23},"3":{"loc":{"start":{"line":30,"column":6},"end":{"line":34,"column":7}},"type":"if","locations":[{"start":{"line":30,"column":6},"end":{"line":34,"column":7}},{"start":{"line":30,"column":6},"end":{"line":34,"column":7}}],"line":30},"4":{"loc":{"start":{"line":58,"column":4},"end":{"line":60,"column":5}},"type":"if","locations":[{"start":{"line":58,"column":4},"end":{"line":60,"column":5}},{"start":{"line":58,"column":4},"end":{"line":60,"column":5}}],"line":58},"5":{"loc":{"start":{"line":115,"column":2},"end":{"line":138,"column":3}},"type":"switch","locations":[{"start":{"line":116,"column":4},"end":{"line":119,"column":12}},{"start":{"line":120,"column":4},"end":{"line":123,"column":12}},{"start":{"line":124,"column":4},"end":{"line":127,"column":12}},{"start":{"line":128,"column":4},"end":{"line":131,"column":12}},{"start":{"line":132,"column":4},"end":{"line":135,"column":12}},{"start":{"line":136,"column":4},"end":{"line":137,"column":12}}],"line":115}},"s":{"0":1,"1":7,"2":7,"3":7,"4":2,"5":1,"6":1,"7":2,"8":2,"9":1,"10":1,"11":2,"12":2,"13":1,"14":1,"15":2,"16":1,"17":7,"18":7,"19":1,"20":1,"21":1,"22":2,"23":2,"24":2,"25":2,"26":1,"27":2,"28":2,"29":2,"30":1,"31":1,"32":1,"33":1,"34":1,"35":1,"36":1,"37":1,"38":1,"39":1,"40":1,"41":1,"42":1,"43":1,"44":1,"45":1,"46":1,"47":1,"48":1,"49":1,"50":6,"51":1,"52":1,"53":1,"54":1,"55":1,"56":1,"57":1,"58":1,"59":1,"60":1,"61":1,"62":6},"f":{"0":7,"1":1,"2":1,"3":2,"4":1,"5":1,"6":1,"7":1,"8":6},"b":{"0":[2,2,2,1],"1":[1,1],"2":[1,1],"3":[1,1],"4":[1,1],"5":[1,1,1,1,1,1]},"_coverageSchema":"1a1c01bbd47fc00a2c39e90264f33305004495a9","hash":"e387f3e72307f83a2e2ea44d6843bf6feacc5bd3"}
,"/Users/ivansan/Documents/Programming-repos/ivansannicolas/projects/absalom/frontend/src/components/CharacterInventory/CharacterInventoryFunctions.js": {"path":"/Users/ivansan/Documents/Programming-repos/ivansannicolas/projects/absalom/frontend/src/components/CharacterInventory/CharacterInventoryFunctions.js","statementMap":{"0":{"start":{"line":2,"column":27},"end":{"line":2,"column":43}},"1":{"start":{"line":3,"column":22},"end":{"line":7,"column":3}},"2":{"start":{"line":8,"column":2},"end":{"line":10,"column":3}},"3":{"start":{"line":9,"column":4},"end":{"line":9,"column":39}},"4":{"start":{"line":11,"column":2},"end":{"line":11,"column":62}},"5":{"start":{"line":12,"column":2},"end":{"line":12,"column":58}},"6":{"start":{"line":13,"column":2},"end":{"line":13,"column":76}},"7":{"start":{"line":19,"column":27},"end":{"line":19,"column":43}},"8":{"start":{"line":20,"column":2},"end":{"line":30,"column":4}},"9":{"start":{"line":22,"column":6},"end":{"line":28,"column":7}},"10":{"start":{"line":23,"column":8},"end":{"line":27,"column":9}},"11":{"start":{"line":24,"column":10},"end":{"line":24,"column":42}},"12":{"start":{"line":26,"column":10},"end":{"line":26,"column":36}},"13":{"start":{"line":31,"column":2},"end":{"line":31,"column":76}},"14":{"start":{"line":37,"column":27},"end":{"line":37,"column":43}},"15":{"start":{"line":38,"column":2},"end":{"line":40,"column":4}},"16":{"start":{"line":39,"column":18},"end":{"line":39,"column":52}},"17":{"start":{"line":41,"column":2},"end":{"line":41,"column":76}},"18":{"start":{"line":48,"column":27},"end":{"line":48,"column":43}},"19":{"start":{"line":49,"column":28},"end":{"line":49,"column":30}},"20":{"start":{"line":50,"column":2},"end":{"line":52,"column":3}},"21":{"start":{"line":50,"column":19},"end":{"line":50,"column":20}},"22":{"start":{"line":51,"column":4},"end":{"line":51,"column":50}},"23":{"start":{"line":53,"column":18},"end":{"line":58,"column":3}},"24":{"start":{"line":60,"column":2},"end":{"line":62,"column":3}},"25":{"start":{"line":61,"column":4},"end":{"line":61,"column":35}},"26":{"start":{"line":64,"column":2},"end":{"line":72,"column":5}},"27":{"start":{"line":65,"column":22},"end":{"line":65,"column":26}},"28":{"start":{"line":66,"column":4},"end":{"line":70,"column":5}},"29":{"start":{"line":67,"column":6},"end":{"line":67,"column":54}},"30":{"start":{"line":69,"column":6},"end":{"line":69,"column":36}},"31":{"start":{"line":71,"column":4},"end":{"line":71,"column":23}},"32":{"start":{"line":74,"column":2},"end":{"line":80,"column":4}},"33":{"start":{"line":76,"column":6},"end":{"line":78,"column":7}},"34":{"start":{"line":77,"column":8},"end":{"line":77,"column":37}},"35":{"start":{"line":82,"column":2},"end":{"line":82,"column":76}},"36":{"start":{"line":88,"column":27},"end":{"line":88,"column":43}},"37":{"start":{"line":89,"column":22},"end":{"line":89,"column":33}},"38":{"start":{"line":91,"column":2},"end":{"line":95,"column":3}},"39":{"start":{"line":92,"column":4},"end":{"line":92,"column":39}},"40":{"start":{"line":94,"column":4},"end":{"line":94,"column":40}},"41":{"start":{"line":96,"column":2},"end":{"line":96,"column":47}},"42":{"start":{"line":97,"column":2},"end":{"line":105,"column":5}},"43":{"start":{"line":98,"column":22},"end":{"line":98,"column":26}},"44":{"start":{"line":99,"column":4},"end":{"line":103,"column":5}},"45":{"start":{"line":100,"column":6},"end":{"line":100,"column":54}},"46":{"start":{"line":102,"column":6},"end":{"line":102,"column":36}},"47":{"start":{"line":104,"column":4},"end":{"line":104,"column":23}},"48":{"start":{"line":107,"column":2},"end":{"line":118,"column":4}},"49":{"start":{"line":109,"column":6},"end":{"line":116,"column":7}},"50":{"start":{"line":110,"column":8},"end":{"line":115,"column":11}},"51":{"start":{"line":111,"column":10},"end":{"line":114,"column":11}},"52":{"start":{"line":112,"column":12},"end":{"line":112,"column":57}},"53":{"start":{"line":113,"column":12},"end":{"line":113,"column":64}},"54":{"start":{"line":120,"column":2},"end":{"line":120,"column":76}},"55":{"start":{"line":124,"column":33},"end":{"line":126,"column":3}},"56":{"start":{"line":125,"column":24},"end":{"line":125,"column":63}},"57":{"start":{"line":127,"column":2},"end":{"line":127,"column":49}},"58":{"start":{"line":131,"column":27},"end":{"line":131,"column":43}},"59":{"start":{"line":133,"column":2},"end":{"line":139,"column":5}},"60":{"start":{"line":134,"column":4},"end":{"line":138,"column":5}},"61":{"start":{"line":135,"column":6},"end":{"line":137,"column":8}},"62":{"start":{"line":136,"column":24},"end":{"line":136,"column":63}},"63":{"start":{"line":141,"column":2},"end":{"line":141,"column":76}}},"fnMap":{"0":{"name":"createCategory","decl":{"start":{"line":1,"column":16},"end":{"line":1,"column":30}},"loc":{"start":{"line":1,"column":89},"end":{"line":14,"column":1}},"line":1},"1":{"name":"editCategory","decl":{"start":{"line":16,"column":16},"end":{"line":16,"column":28}},"loc":{"start":{"line":18,"column":2},"end":{"line":32,"column":1}},"line":18},"2":{"name":"(anonymous_2)","decl":{"start":{"line":21,"column":4},"end":{"line":21,"column":5}},"loc":{"start":{"line":21,"column":18},"end":{"line":29,"column":5}},"line":21},"3":{"name":"deleteCategory","decl":{"start":{"line":34,"column":16},"end":{"line":34,"column":30}},"loc":{"start":{"line":36,"column":2},"end":{"line":42,"column":1}},"line":36},"4":{"name":"(anonymous_4)","decl":{"start":{"line":39,"column":4},"end":{"line":39,"column":5}},"loc":{"start":{"line":39,"column":18},"end":{"line":39,"column":52}},"line":39},"5":{"name":"createItem","decl":{"start":{"line":44,"column":16},"end":{"line":44,"column":26}},"loc":{"start":{"line":47,"column":2},"end":{"line":83,"column":1}},"line":47},"6":{"name":"(anonymous_6)","decl":{"start":{"line":64,"column":46},"end":{"line":64,"column":47}},"loc":{"start":{"line":64,"column":60},"end":{"line":72,"column":3}},"line":64},"7":{"name":"(anonymous_7)","decl":{"start":{"line":75,"column":4},"end":{"line":75,"column":5}},"loc":{"start":{"line":75,"column":18},"end":{"line":79,"column":5}},"line":75},"8":{"name":"editItem","decl":{"start":{"line":85,"column":16},"end":{"line":85,"column":24}},"loc":{"start":{"line":87,"column":2},"end":{"line":121,"column":1}},"line":87},"9":{"name":"(anonymous_9)","decl":{"start":{"line":97,"column":54},"end":{"line":97,"column":55}},"loc":{"start":{"line":97,"column":68},"end":{"line":105,"column":3}},"line":97},"10":{"name":"(anonymous_10)","decl":{"start":{"line":108,"column":4},"end":{"line":108,"column":5}},"loc":{"start":{"line":108,"column":18},"end":{"line":117,"column":5}},"line":108},"11":{"name":"(anonymous_11)","decl":{"start":{"line":110,"column":31},"end":{"line":110,"column":32}},"loc":{"start":{"line":110,"column":47},"end":{"line":115,"column":9}},"line":110},"12":{"name":"deleteItemProperty","decl":{"start":{"line":123,"column":16},"end":{"line":123,"column":34}},"loc":{"start":{"line":123,"column":87},"end":{"line":128,"column":1}},"line":123},"13":{"name":"(anonymous_13)","decl":{"start":{"line":125,"column":4},"end":{"line":125,"column":5}},"loc":{"start":{"line":125,"column":24},"end":{"line":125,"column":63}},"line":125},"14":{"name":"deleteItem","decl":{"start":{"line":130,"column":16},"end":{"line":130,"column":26}},"loc":{"start":{"line":130,"column":79},"end":{"line":142,"column":1}},"line":130},"15":{"name":"(anonymous_15)","decl":{"start":{"line":133,"column":48},"end":{"line":133,"column":49}},"loc":{"start":{"line":133,"column":62},"end":{"line":139,"column":3}},"line":133},"16":{"name":"(anonymous_16)","decl":{"start":{"line":136,"column":8},"end":{"line":136,"column":9}},"loc":{"start":{"line":136,"column":24},"end":{"line":136,"column":63}},"line":136}},"branchMap":{"0":{"loc":{"start":{"line":8,"column":2},"end":{"line":10,"column":3}},"type":"if","locations":[{"start":{"line":8,"column":2},"end":{"line":10,"column":3}},{"start":{"line":8,"column":2},"end":{"line":10,"column":3}}],"line":8},"1":{"loc":{"start":{"line":22,"column":6},"end":{"line":28,"column":7}},"type":"if","locations":[{"start":{"line":22,"column":6},"end":{"line":28,"column":7}},{"start":{"line":22,"column":6},"end":{"line":28,"column":7}}],"line":22},"2":{"loc":{"start":{"line":23,"column":8},"end":{"line":27,"column":9}},"type":"if","locations":[{"start":{"line":23,"column":8},"end":{"line":27,"column":9}},{"start":{"line":23,"column":8},"end":{"line":27,"column":9}}],"line":23},"3":{"loc":{"start":{"line":60,"column":2},"end":{"line":62,"column":3}},"type":"if","locations":[{"start":{"line":60,"column":2},"end":{"line":62,"column":3}},{"start":{"line":60,"column":2},"end":{"line":62,"column":3}}],"line":60},"4":{"loc":{"start":{"line":66,"column":4},"end":{"line":70,"column":5}},"type":"if","locations":[{"start":{"line":66,"column":4},"end":{"line":70,"column":5}},{"start":{"line":66,"column":4},"end":{"line":70,"column":5}}],"line":66},"5":{"loc":{"start":{"line":76,"column":6},"end":{"line":78,"column":7}},"type":"if","locations":[{"start":{"line":76,"column":6},"end":{"line":78,"column":7}},{"start":{"line":76,"column":6},"end":{"line":78,"column":7}}],"line":76},"6":{"loc":{"start":{"line":91,"column":2},"end":{"line":95,"column":3}},"type":"if","locations":[{"start":{"line":91,"column":2},"end":{"line":95,"column":3}},{"start":{"line":91,"column":2},"end":{"line":95,"column":3}}],"line":91},"7":{"loc":{"start":{"line":99,"column":4},"end":{"line":103,"column":5}},"type":"if","locations":[{"start":{"line":99,"column":4},"end":{"line":103,"column":5}},{"start":{"line":99,"column":4},"end":{"line":103,"column":5}}],"line":99},"8":{"loc":{"start":{"line":109,"column":6},"end":{"line":116,"column":7}},"type":"if","locations":[{"start":{"line":109,"column":6},"end":{"line":116,"column":7}},{"start":{"line":109,"column":6},"end":{"line":116,"column":7}}],"line":109},"9":{"loc":{"start":{"line":111,"column":10},"end":{"line":114,"column":11}},"type":"if","locations":[{"start":{"line":111,"column":10},"end":{"line":114,"column":11}},{"start":{"line":111,"column":10},"end":{"line":114,"column":11}}],"line":111},"10":{"loc":{"start":{"line":134,"column":4},"end":{"line":138,"column":5}},"type":"if","locations":[{"start":{"line":134,"column":4},"end":{"line":138,"column":5}},{"start":{"line":134,"column":4},"end":{"line":138,"column":5}}],"line":134}},"s":{"0":2,"1":2,"2":2,"3":1,"4":2,"5":2,"6":2,"7":3,"8":3,"9":3,"10":2,"11":1,"12":1,"13":3,"14":2,"15":2,"16":2,"17":2,"18":2,"19":2,"20":2,"21":2,"22":3,"23":2,"24":2,"25":1,"26":2,"27":3,"28":3,"29":2,"30":1,"31":3,"32":2,"33":3,"34":2,"35":2,"36":5,"37":5,"38":5,"39":2,"40":3,"41":5,"42":5,"43":10,"44":10,"45":2,"46":8,"47":10,"48":5,"49":5,"50":4,"51":4,"52":1,"53":1,"54":5,"55":1,"56":2,"57":1,"58":2,"59":2,"60":2,"61":1,"62":1,"63":2},"f":{"0":2,"1":3,"2":3,"3":2,"4":2,"5":2,"6":3,"7":3,"8":5,"9":10,"10":5,"11":4,"12":1,"13":2,"14":2,"15":2,"16":1},"b":{"0":[1,1],"1":[2,1],"2":[1,1],"3":[1,1],"4":[2,1],"5":[2,1],"6":[2,3],"7":[2,8],"8":[4,1],"9":[1,3],"10":[1,1]},"_coverageSchema":"1a1c01bbd47fc00a2c39e90264f33305004495a9","hash":"e8261666521b5c6f7f09eca63b3446087ff4593e"}
,"/Users/ivansan/Documents/Programming-repos/ivansannicolas/projects/absalom/frontend/src/components/CharacterList/CharacterListFunctions.js": {"path":"/Users/ivansan/Documents/Programming-repos/ivansannicolas/projects/absalom/frontend/src/components/CharacterList/CharacterListFunctions.js","statementMap":{"0":{"start":{"line":3,"column":2},"end":{"line":3,"column":51}},"1":{"start":{"line":6,"column":33},"end":{"line":25,"column":1}},"2":{"start":{"line":33,"column":23},"end":{"line":33,"column":39}},"3":{"start":{"line":35,"column":2},"end":{"line":37,"column":3}},"4":{"start":{"line":36,"column":4},"end":{"line":36,"column":37}},"5":{"start":{"line":38,"column":2},"end":{"line":40,"column":3}},"6":{"start":{"line":39,"column":4},"end":{"line":39,"column":31}},"7":{"start":{"line":41,"column":2},"end":{"line":43,"column":3}},"8":{"start":{"line":42,"column":4},"end":{"line":42,"column":32}},"9":{"start":{"line":44,"column":2},"end":{"line":46,"column":3}},"10":{"start":{"line":45,"column":4},"end":{"line":45,"column":44}},"11":{"start":{"line":47,"column":2},"end":{"line":49,"column":3}},"12":{"start":{"line":48,"column":4},"end":{"line":48,"column":27}},"13":{"start":{"line":50,"column":2},"end":{"line":50,"column":63}},"14":{"start":{"line":51,"column":2},"end":{"line":51,"column":30}},"15":{"start":{"line":52,"column":2},"end":{"line":52,"column":42}},"16":{"start":{"line":53,"column":2},"end":{"line":53,"column":35}},"17":{"start":{"line":54,"column":2},"end":{"line":54,"column":51}}},"fnMap":{"0":{"name":"displayAddCharacterModal","decl":{"start":{"line":2,"column":16},"end":{"line":2,"column":40}},"loc":{"start":{"line":2,"column":90},"end":{"line":4,"column":1}},"line":2},"1":{"name":"addNewCharacter","decl":{"start":{"line":27,"column":16},"end":{"line":27,"column":31}},"loc":{"start":{"line":32,"column":2},"end":{"line":55,"column":1}},"line":32}},"branchMap":{"0":{"loc":{"start":{"line":35,"column":2},"end":{"line":37,"column":3}},"type":"if","locations":[{"start":{"line":35,"column":2},"end":{"line":37,"column":3}},{"start":{"line":35,"column":2},"end":{"line":37,"column":3}}],"line":35},"1":{"loc":{"start":{"line":38,"column":2},"end":{"line":40,"column":3}},"type":"if","locations":[{"start":{"line":38,"column":2},"end":{"line":40,"column":3}},{"start":{"line":38,"column":2},"end":{"line":40,"column":3}}],"line":38},"2":{"loc":{"start":{"line":41,"column":2},"end":{"line":43,"column":3}},"type":"if","locations":[{"start":{"line":41,"column":2},"end":{"line":43,"column":3}},{"start":{"line":41,"column":2},"end":{"line":43,"column":3}}],"line":41},"3":{"loc":{"start":{"line":44,"column":2},"end":{"line":46,"column":3}},"type":"if","locations":[{"start":{"line":44,"column":2},"end":{"line":46,"column":3}},{"start":{"line":44,"column":2},"end":{"line":46,"column":3}}],"line":44},"4":{"loc":{"start":{"line":47,"column":2},"end":{"line":49,"column":3}},"type":"if","locations":[{"start":{"line":47,"column":2},"end":{"line":49,"column":3}},{"start":{"line":47,"column":2},"end":{"line":49,"column":3}}],"line":47}},"s":{"0":1,"1":1,"2":2,"3":2,"4":1,"5":2,"6":1,"7":2,"8":1,"9":2,"10":1,"11":2,"12":1,"13":2,"14":2,"15":2,"16":2,"17":2},"f":{"0":1,"1":2},"b":{"0":[1,1],"1":[1,1],"2":[1,1],"3":[1,1],"4":[1,1]},"_coverageSchema":"1a1c01bbd47fc00a2c39e90264f33305004495a9","hash":"6f8df598969ce0772b3cd4224aebb834c64b61bc"}
,"/Users/ivansan/Documents/Programming-repos/ivansannicolas/projects/absalom/frontend/src/components/CharacterNotes/CharacterNotesFunctions.js": {"path":"/Users/ivansan/Documents/Programming-repos/ivansannicolas/projects/absalom/frontend/src/components/CharacterNotes/CharacterNotesFunctions.js","statementMap":{"0":{"start":{"line":2,"column":27},"end":{"line":2,"column":43}},"1":{"start":{"line":3,"column":18},"end":{"line":7,"column":3}},"2":{"start":{"line":8,"column":2},"end":{"line":10,"column":3}},"3":{"start":{"line":9,"column":4},"end":{"line":9,"column":31}},"4":{"start":{"line":11,"column":2},"end":{"line":11,"column":58}},"5":{"start":{"line":12,"column":2},"end":{"line":12,"column":54}},"6":{"start":{"line":13,"column":2},"end":{"line":13,"column":76}},"7":{"start":{"line":17,"column":27},"end":{"line":17,"column":43}},"8":{"start":{"line":18,"column":17},"end":{"line":18,"column":26}},"9":{"start":{"line":19,"column":2},"end":{"line":21,"column":3}},"10":{"start":{"line":20,"column":4},"end":{"line":20,"column":26}},"11":{"start":{"line":22,"column":2},"end":{"line":26,"column":5}},"12":{"start":{"line":23,"column":4},"end":{"line":25,"column":5}},"13":{"start":{"line":24,"column":6},"end":{"line":24,"column":28}},"14":{"start":{"line":27,"column":2},"end":{"line":27,"column":76}},"15":{"start":{"line":33,"column":27},"end":{"line":33,"column":43}},"16":{"start":{"line":34,"column":2},"end":{"line":36,"column":4}},"17":{"start":{"line":35,"column":14},"end":{"line":35,"column":40}},"18":{"start":{"line":37,"column":2},"end":{"line":37,"column":76}},"19":{"start":{"line":41,"column":27},"end":{"line":41,"column":43}},"20":{"start":{"line":42,"column":19},"end":{"line":45,"column":3}},"21":{"start":{"line":46,"column":2},"end":{"line":48,"column":3}},"22":{"start":{"line":47,"column":4},"end":{"line":47,"column":32}},"23":{"start":{"line":49,"column":2},"end":{"line":49,"column":59}},"24":{"start":{"line":51,"column":2},"end":{"line":55,"column":5}},"25":{"start":{"line":52,"column":4},"end":{"line":54,"column":5}},"26":{"start":{"line":53,"column":6},"end":{"line":53,"column":34}},"27":{"start":{"line":56,"column":2},"end":{"line":56,"column":76}},"28":{"start":{"line":62,"column":2},"end":{"line":62,"column":11}},"29":{"start":{"line":63,"column":27},"end":{"line":63,"column":43}},"30":{"start":{"line":64,"column":21},"end":{"line":64,"column":30}},"31":{"start":{"line":66,"column":2},"end":{"line":68,"column":3}},"32":{"start":{"line":67,"column":4},"end":{"line":67,"column":31}},"33":{"start":{"line":70,"column":2},"end":{"line":78,"column":5}},"34":{"start":{"line":71,"column":4},"end":{"line":77,"column":5}},"35":{"start":{"line":72,"column":6},"end":{"line":76,"column":9}},"36":{"start":{"line":73,"column":8},"end":{"line":75,"column":9}},"37":{"start":{"line":74,"column":10},"end":{"line":74,"column":36}},"38":{"start":{"line":79,"column":2},"end":{"line":79,"column":76}},"39":{"start":{"line":85,"column":27},"end":{"line":85,"column":43}},"40":{"start":{"line":86,"column":2},"end":{"line":90,"column":5}},"41":{"start":{"line":87,"column":4},"end":{"line":89,"column":5}},"42":{"start":{"line":88,"column":6},"end":{"line":88,"column":82}},"43":{"start":{"line":88,"column":52},"end":{"line":88,"column":80}},"44":{"start":{"line":91,"column":2},"end":{"line":91,"column":76}}},"fnMap":{"0":{"name":"createNote","decl":{"start":{"line":1,"column":16},"end":{"line":1,"column":26}},"loc":{"start":{"line":1,"column":83},"end":{"line":14,"column":1}},"line":1},"1":{"name":"editNote","decl":{"start":{"line":16,"column":16},"end":{"line":16,"column":24}},"loc":{"start":{"line":16,"column":91},"end":{"line":28,"column":1}},"line":16},"2":{"name":"(anonymous_2)","decl":{"start":{"line":22,"column":48},"end":{"line":22,"column":49}},"loc":{"start":{"line":22,"column":58},"end":{"line":26,"column":3}},"line":22},"3":{"name":"deleteNote","decl":{"start":{"line":30,"column":16},"end":{"line":30,"column":26}},"loc":{"start":{"line":32,"column":2},"end":{"line":38,"column":1}},"line":32},"4":{"name":"(anonymous_4)","decl":{"start":{"line":35,"column":4},"end":{"line":35,"column":5}},"loc":{"start":{"line":35,"column":14},"end":{"line":35,"column":40}},"line":35},"5":{"name":"createEntry","decl":{"start":{"line":40,"column":16},"end":{"line":40,"column":27}},"loc":{"start":{"line":40,"column":94},"end":{"line":57,"column":1}},"line":40},"6":{"name":"(anonymous_6)","decl":{"start":{"line":51,"column":48},"end":{"line":51,"column":49}},"loc":{"start":{"line":51,"column":58},"end":{"line":55,"column":3}},"line":51},"7":{"name":"editEntry","decl":{"start":{"line":59,"column":16},"end":{"line":59,"column":25}},"loc":{"start":{"line":61,"column":2},"end":{"line":80,"column":1}},"line":61},"8":{"name":"(anonymous_8)","decl":{"start":{"line":70,"column":48},"end":{"line":70,"column":49}},"loc":{"start":{"line":70,"column":58},"end":{"line":78,"column":3}},"line":70},"9":{"name":"(anonymous_9)","decl":{"start":{"line":72,"column":27},"end":{"line":72,"column":28}},"loc":{"start":{"line":72,"column":38},"end":{"line":76,"column":7}},"line":72},"10":{"name":"deleteEntry","decl":{"start":{"line":82,"column":16},"end":{"line":82,"column":27}},"loc":{"start":{"line":84,"column":2},"end":{"line":92,"column":1}},"line":84},"11":{"name":"(anonymous_11)","decl":{"start":{"line":86,"column":48},"end":{"line":86,"column":49}},"loc":{"start":{"line":86,"column":58},"end":{"line":90,"column":3}},"line":86},"12":{"name":"(anonymous_12)","decl":{"start":{"line":88,"column":41},"end":{"line":88,"column":42}},"loc":{"start":{"line":88,"column":52},"end":{"line":88,"column":80}},"line":88}},"branchMap":{"0":{"loc":{"start":{"line":8,"column":2},"end":{"line":10,"column":3}},"type":"if","locations":[{"start":{"line":8,"column":2},"end":{"line":10,"column":3}},{"start":{"line":8,"column":2},"end":{"line":10,"column":3}}],"line":8},"1":{"loc":{"start":{"line":19,"column":2},"end":{"line":21,"column":3}},"type":"if","locations":[{"start":{"line":19,"column":2},"end":{"line":21,"column":3}},{"start":{"line":19,"column":2},"end":{"line":21,"column":3}}],"line":19},"2":{"loc":{"start":{"line":23,"column":4},"end":{"line":25,"column":5}},"type":"if","locations":[{"start":{"line":23,"column":4},"end":{"line":25,"column":5}},{"start":{"line":23,"column":4},"end":{"line":25,"column":5}}],"line":23},"3":{"loc":{"start":{"line":46,"column":2},"end":{"line":48,"column":3}},"type":"if","locations":[{"start":{"line":46,"column":2},"end":{"line":48,"column":3}},{"start":{"line":46,"column":2},"end":{"line":48,"column":3}}],"line":46},"4":{"loc":{"start":{"line":52,"column":4},"end":{"line":54,"column":5}},"type":"if","locations":[{"start":{"line":52,"column":4},"end":{"line":54,"column":5}},{"start":{"line":52,"column":4},"end":{"line":54,"column":5}}],"line":52},"5":{"loc":{"start":{"line":66,"column":2},"end":{"line":68,"column":3}},"type":"if","locations":[{"start":{"line":66,"column":2},"end":{"line":68,"column":3}},{"start":{"line":66,"column":2},"end":{"line":68,"column":3}}],"line":66},"6":{"loc":{"start":{"line":71,"column":4},"end":{"line":77,"column":5}},"type":"if","locations":[{"start":{"line":71,"column":4},"end":{"line":77,"column":5}},{"start":{"line":71,"column":4},"end":{"line":77,"column":5}}],"line":71},"7":{"loc":{"start":{"line":73,"column":8},"end":{"line":75,"column":9}},"type":"if","locations":[{"start":{"line":73,"column":8},"end":{"line":75,"column":9}},{"start":{"line":73,"column":8},"end":{"line":75,"column":9}}],"line":73},"8":{"loc":{"start":{"line":87,"column":4},"end":{"line":89,"column":5}},"type":"if","locations":[{"start":{"line":87,"column":4},"end":{"line":89,"column":5}},{"start":{"line":87,"column":4},"end":{"line":89,"column":5}}],"line":87}},"s":{"0":2,"1":2,"2":2,"3":1,"4":2,"5":2,"6":2,"7":2,"8":2,"9":2,"10":1,"11":2,"12":4,"13":2,"14":2,"15":1,"16":1,"17":2,"18":1,"19":2,"20":2,"21":2,"22":1,"23":2,"24":2,"25":4,"26":1,"27":2,"28":2,"29":2,"30":2,"31":2,"32":1,"33":2,"34":4,"35":2,"36":2,"37":1,"38":2,"39":1,"40":1,"41":2,"42":1,"43":1,"44":1},"f":{"0":2,"1":2,"2":4,"3":1,"4":2,"5":2,"6":4,"7":2,"8":4,"9":2,"10":1,"11":2,"12":1},"b":{"0":[1,1],"1":[1,1],"2":[2,2],"3":[1,1],"4":[1,3],"5":[1,1],"6":[2,2],"7":[1,1],"8":[1,1]},"_coverageSchema":"1a1c01bbd47fc00a2c39e90264f33305004495a9","hash":"29b7a61c11337ace9414ad63158d4f24119eb9db"}
,"/Users/ivansan/Documents/Programming-repos/ivansannicolas/projects/absalom/frontend/src/components/CharacterSheet/CharacterSheetFunctions/CharacterSheetAddImage.js": {"path":"/Users/ivansan/Documents/Programming-repos/ivansannicolas/projects/absalom/frontend/src/components/CharacterSheet/CharacterSheetFunctions/CharacterSheetAddImage.js","statementMap":{"0":{"start":{"line":7,"column":23},"end":{"line":7,"column":39}},"1":{"start":{"line":9,"column":19},"end":{"line":12,"column":3}},"2":{"start":{"line":14,"column":2},"end":{"line":18,"column":3}},"3":{"start":{"line":15,"column":4},"end":{"line":15,"column":46}},"4":{"start":{"line":17,"column":4},"end":{"line":17,"column":70}}},"fnMap":{"0":{"name":"addImage","decl":{"start":{"line":1,"column":24},"end":{"line":1,"column":32}},"loc":{"start":{"line":6,"column":2},"end":{"line":19,"column":1}},"line":6}},"branchMap":{"0":{"loc":{"start":{"line":14,"column":2},"end":{"line":18,"column":3}},"type":"if","locations":[{"start":{"line":14,"column":2},"end":{"line":18,"column":3}},{"start":{"line":14,"column":2},"end":{"line":18,"column":3}}],"line":14}},"s":{"0":2,"1":2,"2":2,"3":1,"4":1},"f":{"0":2},"b":{"0":[1,1]},"_coverageSchema":"1a1c01bbd47fc00a2c39e90264f33305004495a9","hash":"11e3655f86cb46d60a51628834ec97f65bf98bea"}
,"/Users/ivansan/Documents/Programming-repos/ivansannicolas/projects/absalom/frontend/src/components/CharacterSheet/CharacterSheetFunctions/CharacterSheetDeleteImage.js": {"path":"/Users/ivansan/Documents/Programming-repos/ivansannicolas/projects/absalom/frontend/src/components/CharacterSheet/CharacterSheetFunctions/CharacterSheetDeleteImage.js","statementMap":{"0":{"start":{"line":7,"column":23},"end":{"line":7,"column":39}},"1":{"start":{"line":9,"column":2},"end":{"line":11,"column":4}},"2":{"start":{"line":10,"column":16},"end":{"line":10,"column":45}},"3":{"start":{"line":13,"column":2},"end":{"line":13,"column":68}}},"fnMap":{"0":{"name":"deleteImage","decl":{"start":{"line":1,"column":24},"end":{"line":1,"column":35}},"loc":{"start":{"line":6,"column":2},"end":{"line":14,"column":1}},"line":6},"1":{"name":"(anonymous_1)","decl":{"start":{"line":10,"column":4},"end":{"line":10,"column":5}},"loc":{"start":{"line":10,"column":16},"end":{"line":10,"column":45}},"line":10}},"branchMap":{},"s":{"0":2,"1":2,"2":4,"3":2},"f":{"0":2,"1":4},"b":{},"_coverageSchema":"1a1c01bbd47fc00a2c39e90264f33305004495a9","hash":"27538edc4ff34668e1aa15dfc48dc3921de04387"}
,"/Users/ivansan/Documents/Programming-repos/ivansannicolas/projects/absalom/frontend/src/components/CharacterSheet/CharacterSheetFunctions/CharacterSheetEditImage.js": {"path":"/Users/ivansan/Documents/Programming-repos/ivansannicolas/projects/absalom/frontend/src/components/CharacterSheet/CharacterSheetFunctions/CharacterSheetEditImage.js","statementMap":{"0":{"start":{"line":8,"column":23},"end":{"line":8,"column":39}},"1":{"start":{"line":10,"column":2},"end":{"line":14,"column":5}},"2":{"start":{"line":11,"column":4},"end":{"line":13,"column":5}},"3":{"start":{"line":12,"column":6},"end":{"line":12,"column":36}},"4":{"start":{"line":16,"column":2},"end":{"line":16,"column":68}}},"fnMap":{"0":{"name":"editImage","decl":{"start":{"line":1,"column":24},"end":{"line":1,"column":33}},"loc":{"start":{"line":7,"column":2},"end":{"line":17,"column":1}},"line":7},"1":{"name":"(anonymous_1)","decl":{"start":{"line":10,"column":37},"end":{"line":10,"column":38}},"loc":{"start":{"line":10,"column":49},"end":{"line":14,"column":3}},"line":10}},"branchMap":{"0":{"loc":{"start":{"line":11,"column":4},"end":{"line":13,"column":5}},"type":"if","locations":[{"start":{"line":11,"column":4},"end":{"line":13,"column":5}},{"start":{"line":11,"column":4},"end":{"line":13,"column":5}}],"line":11}},"s":{"0":1,"1":1,"2":2,"3":1,"4":1},"f":{"0":1,"1":2},"b":{"0":[1,1]},"_coverageSchema":"1a1c01bbd47fc00a2c39e90264f33305004495a9","hash":"0503ea7457bc5e44e76ac1e9d84a852e9b139bd9"}
,"/Users/ivansan/Documents/Programming-repos/ivansannicolas/projects/absalom/frontend/src/components/CharacterSheet/CharacterSheetFunctions/CharacterSheetPickImage.js": {"path":"/Users/ivansan/Documents/Programming-repos/ivansannicolas/projects/absalom/frontend/src/components/CharacterSheet/CharacterSheetFunctions/CharacterSheetPickImage.js","statementMap":{"0":{"start":{"line":1,"column":29},"end":{"line":29,"column":1}},"1":{"start":{"line":10,"column":2},"end":{"line":28,"column":3}},"2":{"start":{"line":11,"column":19},"end":{"line":16,"column":6}},"3":{"start":{"line":17,"column":4},"end":{"line":25,"column":5}},"4":{"start":{"line":18,"column":6},"end":{"line":24,"column":8}},"5":{"start":{"line":27,"column":4},"end":{"line":27,"column":39}}},"fnMap":{"0":{"name":"(anonymous_0)","decl":{"start":{"line":1,"column":29},"end":{"line":1,"column":30}},"loc":{"start":{"line":9,"column":5},"end":{"line":29,"column":1}},"line":9}},"branchMap":{"0":{"loc":{"start":{"line":17,"column":4},"end":{"line":25,"column":5}},"type":"if","locations":[{"start":{"line":17,"column":4},"end":{"line":25,"column":5}},{"start":{"line":17,"column":4},"end":{"line":25,"column":5}}],"line":17},"1":{"loc":{"start":{"line":17,"column":8},"end":{"line":17,"column":42}},"type":"binary-expr","locations":[{"start":{"line":17,"column":8},"end":{"line":17,"column":25}},{"start":{"line":17,"column":29},"end":{"line":17,"column":42}}],"line":17}},"s":{"0":1,"1":2,"2":2,"3":0,"4":0,"5":2},"f":{"0":2},"b":{"0":[0,0],"1":[0,0]},"_coverageSchema":"1a1c01bbd47fc00a2c39e90264f33305004495a9","hash":"3391f5dcb910ff317835928f8c1a5950cc8806cb"}
,"/Users/ivansan/Documents/Programming-repos/ivansannicolas/projects/absalom/frontend/src/components/UserDetail/UserDetailFunctions.js": {"path":"/Users/ivansan/Documents/Programming-repos/ivansannicolas/projects/absalom/frontend/src/components/UserDetail/UserDetailFunctions.js","statementMap":{"0":{"start":{"line":2,"column":15},"end":{"line":2,"column":21}},"1":{"start":{"line":3,"column":16},"end":{"line":3,"column":23}},"2":{"start":{"line":4,"column":20},"end":{"line":4,"column":31}},"3":{"start":{"line":6,"column":2},"end":{"line":22,"column":3}},"4":{"start":{"line":8,"column":6},"end":{"line":12,"column":7}},"5":{"start":{"line":9,"column":8},"end":{"line":9,"column":37}},"6":{"start":{"line":11,"column":8},"end":{"line":11,"column":39}},"7":{"start":{"line":13,"column":6},"end":{"line":13,"column":12}},"8":{"start":{"line":15,"column":6},"end":{"line":15,"column":79}},"9":{"start":{"line":15,"column":59},"end":{"line":15,"column":77}},"10":{"start":{"line":16,"column":6},"end":{"line":16,"column":12}},"11":{"start":{"line":18,"column":6},"end":{"line":18,"column":74}},"12":{"start":{"line":18,"column":54},"end":{"line":18,"column":72}},"13":{"start":{"line":19,"column":6},"end":{"line":19,"column":12}},"14":{"start":{"line":21,"column":6},"end":{"line":21,"column":12}},"15":{"start":{"line":24,"column":2},"end":{"line":24,"column":47}},"16":{"start":{"line":28,"column":27},"end":{"line":30,"column":3}},"17":{"start":{"line":29,"column":21},"end":{"line":29,"column":54}},"18":{"start":{"line":31,"column":2},"end":{"line":31,"column":47}}},"fnMap":{"0":{"name":"editUser","decl":{"start":{"line":1,"column":16},"end":{"line":1,"column":24}},"loc":{"start":{"line":1,"column":75},"end":{"line":25,"column":1}},"line":1},"1":{"name":"(anonymous_1)","decl":{"start":{"line":15,"column":48},"end":{"line":15,"column":49}},"loc":{"start":{"line":15,"column":59},"end":{"line":15,"column":77}},"line":15},"2":{"name":"(anonymous_2)","decl":{"start":{"line":18,"column":43},"end":{"line":18,"column":44}},"loc":{"start":{"line":18,"column":54},"end":{"line":18,"column":72}},"line":18},"3":{"name":"deleteListValue","decl":{"start":{"line":27,"column":16},"end":{"line":27,"column":31}},"loc":{"start":{"line":27,"column":84},"end":{"line":32,"column":1}},"line":27},"4":{"name":"(anonymous_4)","decl":{"start":{"line":29,"column":4},"end":{"line":29,"column":5}},"loc":{"start":{"line":29,"column":21},"end":{"line":29,"column":54}},"line":29}},"branchMap":{"0":{"loc":{"start":{"line":6,"column":2},"end":{"line":22,"column":3}},"type":"switch","locations":[{"start":{"line":7,"column":4},"end":{"line":13,"column":12}},{"start":{"line":14,"column":4},"end":{"line":16,"column":12}},{"start":{"line":17,"column":4},"end":{"line":19,"column":12}},{"start":{"line":20,"column":4},"end":{"line":21,"column":12}}],"line":6},"1":{"loc":{"start":{"line":8,"column":6},"end":{"line":12,"column":7}},"type":"if","locations":[{"start":{"line":8,"column":6},"end":{"line":12,"column":7}},{"start":{"line":8,"column":6},"end":{"line":12,"column":7}}],"line":8}},"s":{"0":5,"1":5,"2":5,"3":5,"4":2,"5":1,"6":1,"7":2,"8":1,"9":2,"10":1,"11":1,"12":2,"13":1,"14":1,"15":5,"16":1,"17":2,"18":1},"f":{"0":5,"1":2,"2":2,"3":1,"4":2},"b":{"0":[2,1,1,1],"1":[1,1]},"_coverageSchema":"1a1c01bbd47fc00a2c39e90264f33305004495a9","hash":"72b546fb665c6e4a1cb6b34cfc23a1f6bb776e67"}
,"/Users/ivansan/Documents/Programming-repos/ivansannicolas/projects/absalom/frontend/src/redux/actions/ActionTypes.js": {"path":"/Users/ivansan/Documents/Programming-repos/ivansannicolas/projects/absalom/frontend/src/redux/actions/ActionTypes.js","statementMap":{"0":{"start":{"line":1,"column":20},"end":{"line":9,"column":1}}},"fnMap":{},"branchMap":{},"s":{"0":5},"f":{},"b":{},"_coverageSchema":"1a1c01bbd47fc00a2c39e90264f33305004495a9","hash":"0ddb4afe602ff064afc2a707056bfcc537691062"}
,"/Users/ivansan/Documents/Programming-repos/ivansannicolas/projects/absalom/frontend/src/redux/actions/characterActions.js": {"path":"/Users/ivansan/Documents/Programming-repos/ivansannicolas/projects/absalom/frontend/src/redux/actions/characterActions.js","statementMap":{"0":{"start":{"line":9,"column":2},"end":{"line":12,"column":4}},"1":{"start":{"line":16,"column":2},"end":{"line":19,"column":4}},"2":{"start":{"line":23,"column":2},"end":{"line":31,"column":4}},"3":{"start":{"line":24,"column":21},"end":{"line":24,"column":58}},"4":{"start":{"line":25,"column":4},"end":{"line":30,"column":5}},"5":{"start":{"line":26,"column":23},"end":{"line":26,"column":77}},"6":{"start":{"line":27,"column":6},"end":{"line":27,"column":43}},"7":{"start":{"line":29,"column":6},"end":{"line":29,"column":33}},"8":{"start":{"line":35,"column":2},"end":{"line":43,"column":4}},"9":{"start":{"line":36,"column":21},"end":{"line":36,"column":67}},"10":{"start":{"line":37,"column":4},"end":{"line":42,"column":5}},"11":{"start":{"line":38,"column":23},"end":{"line":38,"column":92}},"12":{"start":{"line":39,"column":6},"end":{"line":39,"column":43}},"13":{"start":{"line":41,"column":6},"end":{"line":41,"column":33}},"14":{"start":{"line":47,"column":2},"end":{"line":50,"column":4}},"15":{"start":{"line":54,"column":2},"end":{"line":62,"column":4}},"16":{"start":{"line":55,"column":21},"end":{"line":55,"column":58}},"17":{"start":{"line":56,"column":4},"end":{"line":61,"column":5}},"18":{"start":{"line":57,"column":6},"end":{"line":57,"column":69}},"19":{"start":{"line":58,"column":6},"end":{"line":58,"column":43}},"20":{"start":{"line":60,"column":6},"end":{"line":60,"column":33}},"21":{"start":{"line":66,"column":2},"end":{"line":73,"column":4}},"22":{"start":{"line":67,"column":21},"end":{"line":67,"column":58}},"23":{"start":{"line":68,"column":4},"end":{"line":72,"column":5}},"24":{"start":{"line":69,"column":6},"end":{"line":69,"column":60}},"25":{"start":{"line":71,"column":6},"end":{"line":71,"column":33}},"26":{"start":{"line":77,"column":2},"end":{"line":84,"column":4}},"27":{"start":{"line":78,"column":21},"end":{"line":78,"column":58}},"28":{"start":{"line":79,"column":4},"end":{"line":83,"column":5}},"29":{"start":{"line":80,"column":6},"end":{"line":80,"column":51}},"30":{"start":{"line":82,"column":6},"end":{"line":82,"column":33}}},"fnMap":{"0":{"name":"loadCharacterSuccess","decl":{"start":{"line":8,"column":9},"end":{"line":8,"column":29}},"loc":{"start":{"line":8,"column":41},"end":{"line":13,"column":1}},"line":8},"1":{"name":"loadError","decl":{"start":{"line":15,"column":16},"end":{"line":15,"column":25}},"loc":{"start":{"line":15,"column":33},"end":{"line":20,"column":1}},"line":15},"2":{"name":"loadCharacter","decl":{"start":{"line":22,"column":16},"end":{"line":22,"column":29}},"loc":{"start":{"line":22,"column":43},"end":{"line":32,"column":1}},"line":22},"3":{"name":"(anonymous_3)","decl":{"start":{"line":23,"column":9},"end":{"line":23,"column":10}},"loc":{"start":{"line":23,"column":29},"end":{"line":31,"column":3}},"line":23},"4":{"name":"loadCharacterByKey","decl":{"start":{"line":34,"column":16},"end":{"line":34,"column":34}},"loc":{"start":{"line":34,"column":63},"end":{"line":44,"column":1}},"line":34},"5":{"name":"(anonymous_5)","decl":{"start":{"line":35,"column":9},"end":{"line":35,"column":10}},"loc":{"start":{"line":35,"column":29},"end":{"line":43,"column":3}},"line":35},"6":{"name":"setCharacterId","decl":{"start":{"line":46,"column":16},"end":{"line":46,"column":30}},"loc":{"start":{"line":46,"column":44},"end":{"line":51,"column":1}},"line":46},"7":{"name":"updateCharacter","decl":{"start":{"line":53,"column":16},"end":{"line":53,"column":31}},"loc":{"start":{"line":53,"column":63},"end":{"line":63,"column":1}},"line":53},"8":{"name":"(anonymous_8)","decl":{"start":{"line":54,"column":9},"end":{"line":54,"column":10}},"loc":{"start":{"line":54,"column":29},"end":{"line":62,"column":3}},"line":54},"9":{"name":"deleteCharacter","decl":{"start":{"line":65,"column":16},"end":{"line":65,"column":31}},"loc":{"start":{"line":65,"column":45},"end":{"line":74,"column":1}},"line":65},"10":{"name":"(anonymous_10)","decl":{"start":{"line":66,"column":9},"end":{"line":66,"column":10}},"loc":{"start":{"line":66,"column":29},"end":{"line":73,"column":3}},"line":66},"11":{"name":"createCharacter","decl":{"start":{"line":76,"column":16},"end":{"line":76,"column":31}},"loc":{"start":{"line":76,"column":46},"end":{"line":85,"column":1}},"line":76},"12":{"name":"(anonymous_12)","decl":{"start":{"line":77,"column":9},"end":{"line":77,"column":10}},"loc":{"start":{"line":77,"column":29},"end":{"line":84,"column":3}},"line":77}},"branchMap":{},"s":{"0":3,"1":5,"2":3,"3":3,"4":3,"5":3,"6":2,"7":1,"8":2,"9":2,"10":2,"11":2,"12":1,"13":1,"14":1,"15":15,"16":2,"17":2,"18":2,"19":1,"20":1,"21":1,"22":1,"23":1,"24":1,"25":1,"26":1,"27":1,"28":1,"29":1,"30":1},"f":{"0":3,"1":5,"2":3,"3":3,"4":2,"5":2,"6":1,"7":15,"8":2,"9":1,"10":1,"11":1,"12":1},"b":{},"_coverageSchema":"1a1c01bbd47fc00a2c39e90264f33305004495a9","hash":"5a571388a6bb6302750727b97c78aa2049bf038f"}
,"/Users/ivansan/Documents/Programming-repos/ivansannicolas/projects/absalom/frontend/src/redux/actions/charactersActions.js": {"path":"/Users/ivansan/Documents/Programming-repos/ivansannicolas/projects/absalom/frontend/src/redux/actions/charactersActions.js","statementMap":{"0":{"start":{"line":5,"column":2},"end":{"line":8,"column":4}},"1":{"start":{"line":12,"column":2},"end":{"line":15,"column":4}},"2":{"start":{"line":19,"column":2},"end":{"line":27,"column":4}},"3":{"start":{"line":20,"column":21},"end":{"line":20,"column":59}},"4":{"start":{"line":21,"column":4},"end":{"line":26,"column":5}},"5":{"start":{"line":22,"column":23},"end":{"line":22,"column":73}},"6":{"start":{"line":23,"column":6},"end":{"line":23,"column":44}},"7":{"start":{"line":25,"column":6},"end":{"line":25,"column":33}}},"fnMap":{"0":{"name":"loadError","decl":{"start":{"line":4,"column":9},"end":{"line":4,"column":18}},"loc":{"start":{"line":4,"column":26},"end":{"line":9,"column":1}},"line":4},"1":{"name":"loadCharactersSuccess","decl":{"start":{"line":11,"column":16},"end":{"line":11,"column":37}},"loc":{"start":{"line":11,"column":50},"end":{"line":16,"column":1}},"line":11},"2":{"name":"loadCharactersByOwner","decl":{"start":{"line":18,"column":16},"end":{"line":18,"column":37}},"loc":{"start":{"line":18,"column":47},"end":{"line":28,"column":1}},"line":18},"3":{"name":"(anonymous_3)","decl":{"start":{"line":19,"column":9},"end":{"line":19,"column":10}},"loc":{"start":{"line":19,"column":29},"end":{"line":27,"column":3}},"line":19}},"branchMap":{},"s":{"0":1,"1":1,"2":2,"3":2,"4":2,"5":2,"6":1,"7":1},"f":{"0":1,"1":1,"2":2,"3":2},"b":{},"_coverageSchema":"1a1c01bbd47fc00a2c39e90264f33305004495a9","hash":"7fdbefb0b427988cfac4ae7629a5163eada3fac8"}
,"/Users/ivansan/Documents/Programming-repos/ivansannicolas/projects/absalom/frontend/src/redux/reducers/charactersReducer.js": {"path":"/Users/ivansan/Documents/Programming-repos/ivansannicolas/projects/absalom/frontend/src/redux/reducers/charactersReducer.js","statementMap":{"0":{"start":{"line":4,"column":17},"end":{"line":4,"column":21}},"1":{"start":{"line":6,"column":2},"end":{"line":26,"column":3}},"2":{"start":{"line":8,"column":6},"end":{"line":8,"column":63}},"3":{"start":{"line":9,"column":6},"end":{"line":9,"column":12}},"4":{"start":{"line":12,"column":6},"end":{"line":12,"column":66}},"5":{"start":{"line":13,"column":6},"end":{"line":13,"column":12}},"6":{"start":{"line":16,"column":6},"end":{"line":16,"column":63}},"7":{"start":{"line":17,"column":6},"end":{"line":17,"column":12}},"8":{"start":{"line":20,"column":6},"end":{"line":20,"column":51}},"9":{"start":{"line":21,"column":6},"end":{"line":21,"column":12}},"10":{"start":{"line":24,"column":6},"end":{"line":24,"column":30}},"11":{"start":{"line":25,"column":6},"end":{"line":25,"column":12}},"12":{"start":{"line":28,"column":2},"end":{"line":28,"column":18}}},"fnMap":{"0":{"name":"charactersReducer","decl":{"start":{"line":3,"column":24},"end":{"line":3,"column":41}},"loc":{"start":{"line":3,"column":62},"end":{"line":29,"column":1}},"line":3}},"branchMap":{"0":{"loc":{"start":{"line":3,"column":42},"end":{"line":3,"column":52}},"type":"default-arg","locations":[{"start":{"line":3,"column":50},"end":{"line":3,"column":52}}],"line":3},"1":{"loc":{"start":{"line":6,"column":2},"end":{"line":26,"column":3}},"type":"switch","locations":[{"start":{"line":7,"column":4},"end":{"line":9,"column":12}},{"start":{"line":11,"column":4},"end":{"line":13,"column":12}},{"start":{"line":15,"column":4},"end":{"line":17,"column":12}},{"start":{"line":19,"column":4},"end":{"line":21,"column":12}},{"start":{"line":23,"column":4},"end":{"line":25,"column":12}}],"line":6}},"s":{"0":6,"1":6,"2":1,"3":1,"4":1,"5":1,"6":1,"7":1,"8":1,"9":1,"10":2,"11":2,"12":6},"f":{"0":6},"b":{"0":[1],"1":[1,1,1,1,2]},"_coverageSchema":"1a1c01bbd47fc00a2c39e90264f33305004495a9","hash":"a353603d5ce21047beefc2f852cb0d454b870b9f"}
,"/Users/ivansan/Documents/Programming-repos/ivansannicolas/projects/absalom/frontend/src/redux/reducers/usersReducer.js": {"path":"/Users/ivansan/Documents/Programming-repos/ivansannicolas/projects/absalom/frontend/src/redux/reducers/usersReducer.js","statementMap":{"0":{"start":{"line":4,"column":17},"end":{"line":4,"column":21}},"1":{"start":{"line":6,"column":2},"end":{"line":22,"column":3}},"2":{"start":{"line":8,"column":6},"end":{"line":8,"column":53}},"3":{"start":{"line":9,"column":6},"end":{"line":9,"column":12}},"4":{"start":{"line":12,"column":6},"end":{"line":12,"column":53}},"5":{"start":{"line":13,"column":6},"end":{"line":13,"column":12}},"6":{"start":{"line":16,"column":6},"end":{"line":16,"column":51}},"7":{"start":{"line":17,"column":6},"end":{"line":17,"column":12}},"8":{"start":{"line":20,"column":6},"end":{"line":20,"column":30}},"9":{"start":{"line":21,"column":6},"end":{"line":21,"column":12}},"10":{"start":{"line":24,"column":2},"end":{"line":24,"column":18}}},"fnMap":{"0":{"name":"usersReducer","decl":{"start":{"line":3,"column":24},"end":{"line":3,"column":36}},"loc":{"start":{"line":3,"column":57},"end":{"line":25,"column":1}},"line":3}},"branchMap":{"0":{"loc":{"start":{"line":3,"column":37},"end":{"line":3,"column":47}},"type":"default-arg","locations":[{"start":{"line":3,"column":45},"end":{"line":3,"column":47}}],"line":3},"1":{"loc":{"start":{"line":6,"column":2},"end":{"line":22,"column":3}},"type":"switch","locations":[{"start":{"line":7,"column":4},"end":{"line":9,"column":12}},{"start":{"line":11,"column":4},"end":{"line":13,"column":12}},{"start":{"line":15,"column":4},"end":{"line":17,"column":12}},{"start":{"line":19,"column":4},"end":{"line":21,"column":12}}],"line":6}},"s":{"0":5,"1":5,"2":1,"3":1,"4":1,"5":1,"6":1,"7":1,"8":2,"9":2,"10":5},"f":{"0":5},"b":{"0":[1],"1":[1,1,1,2]},"_coverageSchema":"1a1c01bbd47fc00a2c39e90264f33305004495a9","hash":"17852a07cb650f787744be5651f086f669723e40"}
}
