TN:
SF:src/components/CharacterDetail/CharacterDetailFunctions.js
FN:9,changeSetVisibility
FN:44,displayDeleteCharacterModal
FN:48,displayEditModal
FN:53,(anonymous_3)
FN:67,(anonymous_4)
FN:76,(anonymous_5)
FN:85,(anonymous_6)
FN:94,(anonymous_7)
FN:110,editCharacter
FNF:9
FNH:9
FNDA:7,changeSetVisibility
FNDA:1,displayDeleteCharacterModal
FNDA:1,displayEditModal
FNDA:2,(anonymous_3)
FNDA:1,(anonymous_4)
FNDA:1,(anonymous_5)
FNDA:1,(anonymous_6)
FNDA:1,(anonymous_7)
FNDA:6,editCharacter
DA:3,1
DA:12,7
DA:13,7
DA:14,7
DA:16,2
DA:17,1
DA:19,1
DA:21,2
DA:23,2
DA:24,1
DA:26,1
DA:28,2
DA:30,2
DA:31,1
DA:33,1
DA:35,2
DA:38,1
DA:40,7
DA:41,7
DA:45,1
DA:49,1
DA:52,1
DA:54,2
DA:55,2
DA:56,2
DA:58,2
DA:59,1
DA:62,2
DA:64,2
DA:65,2
DA:68,1
DA:69,1
DA:71,1
DA:73,1
DA:74,1
DA:77,1
DA:78,1
DA:80,1
DA:82,1
DA:83,1
DA:86,1
DA:87,1
DA:89,1
DA:91,1
DA:92,1
DA:95,1
DA:96,1
DA:98,1
DA:100,1
DA:101,1
DA:115,6
DA:117,1
DA:119,1
DA:121,1
DA:123,1
DA:125,1
DA:127,1
DA:129,1
DA:131,1
DA:133,1
DA:135,1
DA:137,1
DA:139,6
LF:63
LH:63
BRDA:14,0,0,2
BRDA:14,0,1,2
BRDA:14,0,2,2
BRDA:14,0,3,1
BRDA:16,1,0,1
BRDA:16,1,1,1
BRDA:23,2,0,1
BRDA:23,2,1,1
BRDA:30,3,0,1
BRDA:30,3,1,1
BRDA:58,4,0,1
BRDA:58,4,1,1
BRDA:115,5,0,1
BRDA:115,5,1,1
BRDA:115,5,2,1
BRDA:115,5,3,1
BRDA:115,5,4,1
BRDA:115,5,5,1
BRF:18
BRH:18
end_of_record
TN:
SF:src/components/CharacterInventory/CharacterInventoryFunctions.js
FN:1,createCategory
FN:16,editCategory
FN:21,(anonymous_2)
FN:34,deleteCategory
FN:39,(anonymous_4)
FN:44,createItem
FN:64,(anonymous_6)
FN:75,(anonymous_7)
FN:85,editItem
FN:97,(anonymous_9)
FN:108,(anonymous_10)
FN:110,(anonymous_11)
FN:123,deleteItemProperty
FN:125,(anonymous_13)
FN:130,deleteItem
FN:133,(anonymous_15)
FN:136,(anonymous_16)
FNF:17
FNH:17
FNDA:2,createCategory
FNDA:3,editCategory
FNDA:3,(anonymous_2)
FNDA:2,deleteCategory
FNDA:2,(anonymous_4)
FNDA:2,createItem
FNDA:3,(anonymous_6)
FNDA:3,(anonymous_7)
FNDA:5,editItem
FNDA:10,(anonymous_9)
FNDA:5,(anonymous_10)
FNDA:4,(anonymous_11)
FNDA:1,deleteItemProperty
FNDA:2,(anonymous_13)
FNDA:2,deleteItem
FNDA:2,(anonymous_15)
FNDA:1,(anonymous_16)
DA:2,2
DA:3,2
DA:8,2
DA:9,1
DA:11,2
DA:12,2
DA:13,2
DA:19,3
DA:20,3
DA:22,3
DA:23,2
DA:24,1
DA:26,1
DA:31,3
DA:37,2
DA:38,2
DA:39,2
DA:41,2
DA:48,2
DA:49,2
DA:50,2
DA:51,3
DA:53,2
DA:60,2
DA:61,1
DA:64,2
DA:65,3
DA:66,3
DA:67,2
DA:69,1
DA:71,3
DA:74,2
DA:76,3
DA:77,2
DA:82,2
DA:88,5
DA:89,5
DA:91,5
DA:92,2
DA:94,3
DA:96,5
DA:97,5
DA:98,10
DA:99,10
DA:100,2
DA:102,8
DA:104,10
DA:107,5
DA:109,5
DA:110,4
DA:111,4
DA:112,1
DA:113,1
DA:120,5
DA:124,1
DA:125,2
DA:127,1
DA:131,2
DA:133,2
DA:134,2
DA:135,1
DA:136,1
DA:141,2
LF:63
LH:63
BRDA:8,0,0,1
BRDA:8,0,1,1
BRDA:22,1,0,2
BRDA:22,1,1,1
BRDA:23,2,0,1
BRDA:23,2,1,1
BRDA:60,3,0,1
BRDA:60,3,1,1
BRDA:66,4,0,2
BRDA:66,4,1,1
BRDA:76,5,0,2
BRDA:76,5,1,1
BRDA:91,6,0,2
BRDA:91,6,1,3
BRDA:99,7,0,2
BRDA:99,7,1,8
BRDA:109,8,0,4
BRDA:109,8,1,1
BRDA:111,9,0,1
BRDA:111,9,1,3
BRDA:134,10,0,1
BRDA:134,10,1,1
BRF:22
BRH:22
end_of_record
TN:
SF:src/components/CharacterList/CharacterListFunctions.js
FN:2,displayAddCharacterModal
FN:27,addNewCharacter
FNF:2
FNH:2
FNDA:1,displayAddCharacterModal
FNDA:2,addNewCharacter
DA:3,1
DA:6,1
DA:33,2
DA:35,2
DA:36,1
DA:38,2
DA:39,1
DA:41,2
DA:42,1
DA:44,2
DA:45,1
DA:47,2
DA:48,1
DA:50,2
DA:51,2
DA:52,2
DA:53,2
DA:54,2
LF:18
LH:18
BRDA:35,0,0,1
BRDA:35,0,1,1
BRDA:38,1,0,1
BRDA:38,1,1,1
BRDA:41,2,0,1
BRDA:41,2,1,1
BRDA:44,3,0,1
BRDA:44,3,1,1
BRDA:47,4,0,1
BRDA:47,4,1,1
BRF:10
BRH:10
end_of_record
TN:
SF:src/components/CharacterNotes/CharacterNotesFunctions.js
FN:1,createNote
FN:16,editNote
FN:22,(anonymous_2)
FN:30,deleteNote
FN:35,(anonymous_4)
FN:40,createEntry
FN:51,(anonymous_6)
FN:59,editEntry
FN:70,(anonymous_8)
FN:72,(anonymous_9)
FN:82,deleteEntry
FN:86,(anonymous_11)
FN:88,(anonymous_12)
FNF:13
FNH:13
FNDA:2,createNote
FNDA:2,editNote
FNDA:4,(anonymous_2)
FNDA:1,deleteNote
FNDA:2,(anonymous_4)
FNDA:2,createEntry
FNDA:4,(anonymous_6)
FNDA:2,editEntry
FNDA:4,(anonymous_8)
FNDA:2,(anonymous_9)
FNDA:1,deleteEntry
FNDA:2,(anonymous_11)
FNDA:1,(anonymous_12)
DA:2,2
DA:3,2
DA:8,2
DA:9,1
DA:11,2
DA:12,2
DA:13,2
DA:17,2
DA:18,2
DA:19,2
DA:20,1
DA:22,2
DA:23,4
DA:24,2
DA:27,2
DA:33,1
DA:34,1
DA:35,2
DA:37,1
DA:41,2
DA:42,2
DA:46,2
DA:47,1
DA:49,2
DA:51,2
DA:52,4
DA:53,1
DA:56,2
DA:62,2
DA:63,2
DA:64,2
DA:66,2
DA:67,1
DA:70,2
DA:71,4
DA:72,2
DA:73,2
DA:74,1
DA:79,2
DA:85,1
DA:86,1
DA:87,2
DA:88,1
DA:91,1
LF:44
LH:44
BRDA:8,0,0,1
BRDA:8,0,1,1
BRDA:19,1,0,1
BRDA:19,1,1,1
BRDA:23,2,0,2
BRDA:23,2,1,2
BRDA:46,3,0,1
BRDA:46,3,1,1
BRDA:52,4,0,1
BRDA:52,4,1,3
BRDA:66,5,0,1
BRDA:66,5,1,1
BRDA:71,6,0,2
BRDA:71,6,1,2
BRDA:73,7,0,1
BRDA:73,7,1,1
BRDA:87,8,0,1
BRDA:87,8,1,1
BRF:18
BRH:18
end_of_record
TN:
SF:src/components/CharacterSheet/CharacterSheetFunctions/CharacterSheetAddImage.js
FN:1,addImage
FNF:1
FNH:1
FNDA:2,addImage
DA:7,2
DA:9,2
DA:14,2
DA:15,1
DA:17,1
LF:5
LH:5
BRDA:14,0,0,1
BRDA:14,0,1,1
BRF:2
BRH:2
end_of_record
TN:
SF:src/components/CharacterSheet/CharacterSheetFunctions/CharacterSheetDeleteImage.js
FN:1,deleteImage
FN:10,(anonymous_1)
FNF:2
FNH:2
FNDA:2,deleteImage
FNDA:4,(anonymous_1)
DA:7,2
DA:9,2
DA:10,4
DA:13,2
LF:4
LH:4
BRF:0
BRH:0
end_of_record
TN:
SF:src/components/CharacterSheet/CharacterSheetFunctions/CharacterSheetEditImage.js
FN:1,editImage
FN:10,(anonymous_1)
FNF:2
FNH:2
FNDA:1,editImage
FNDA:2,(anonymous_1)
DA:8,1
DA:10,1
DA:11,2
DA:12,1
DA:16,1
LF:5
LH:5
BRDA:11,0,0,1
BRDA:11,0,1,1
BRF:2
BRH:2
end_of_record
TN:
SF:src/components/CharacterSheet/CharacterSheetFunctions/CharacterSheetPickImage.js
FN:1,(anonymous_0)
FNF:1
FNH:1
FNDA:2,(anonymous_0)
DA:1,1
DA:10,2
DA:11,2
DA:17,0
DA:18,0
DA:27,2
LF:6
LH:4
BRDA:17,0,0,0
BRDA:17,0,1,0
BRDA:17,1,0,0
BRDA:17,1,1,0
BRF:4
BRH:0
end_of_record
TN:
SF:src/components/UserDetail/UserDetailFunctions.js
FN:1,editUser
FN:15,(anonymous_1)
FN:18,(anonymous_2)
FN:27,deleteListValue
FN:29,(anonymous_4)
FNF:5
FNH:5
FNDA:5,editUser
FNDA:2,(anonymous_1)
FNDA:2,(anonymous_2)
FNDA:1,deleteListValue
FNDA:2,(anonymous_4)
DA:2,5
DA:3,5
DA:4,5
DA:6,5
DA:8,2
DA:9,1
DA:11,1
DA:13,2
DA:15,2
DA:16,1
DA:18,2
DA:19,1
DA:21,1
DA:24,5
DA:28,1
DA:29,2
DA:31,1
LF:17
LH:17
BRDA:6,0,0,2
BRDA:6,0,1,1
BRDA:6,0,2,1
BRDA:6,0,3,1
BRDA:8,1,0,1
BRDA:8,1,1,1
BRF:6
BRH:6
end_of_record
TN:
SF:src/redux/actions/ActionTypes.js
FNF:0
FNH:0
DA:1,5
LF:1
LH:1
BRF:0
BRH:0
end_of_record
TN:
SF:src/redux/actions/characterActions.js
FN:8,loadCharacterSuccess
FN:15,loadError
FN:22,loadCharacter
FN:23,(anonymous_3)
FN:34,loadCharacterByKey
FN:35,(anonymous_5)
FN:46,setCharacterId
FN:53,updateCharacter
FN:54,(anonymous_8)
FN:65,deleteCharacter
FN:66,(anonymous_10)
FN:76,createCharacter
FN:77,(anonymous_12)
FNF:13
FNH:13
FNDA:3,loadCharacterSuccess
FNDA:5,loadError
FNDA:3,loadCharacter
FNDA:3,(anonymous_3)
FNDA:2,loadCharacterByKey
FNDA:2,(anonymous_5)
FNDA:1,setCharacterId
FNDA:15,updateCharacter
FNDA:2,(anonymous_8)
FNDA:1,deleteCharacter
FNDA:1,(anonymous_10)
FNDA:1,createCharacter
FNDA:1,(anonymous_12)
DA:9,3
DA:16,5
DA:23,3
DA:24,3
DA:25,3
DA:26,3
DA:27,2
DA:29,1
DA:35,2
DA:36,2
DA:37,2
DA:38,2
DA:39,1
DA:41,1
DA:47,1
DA:54,15
DA:55,2
DA:56,2
DA:57,2
DA:58,1
DA:60,1
DA:66,1
DA:67,1
DA:68,1
DA:69,1
DA:71,1
DA:77,1
DA:78,1
DA:79,1
DA:80,1
DA:82,1
LF:31
LH:31
BRF:0
BRH:0
end_of_record
TN:
SF:src/redux/actions/charactersActions.js
FN:4,loadError
FN:11,loadCharactersSuccess
FN:18,loadCharactersByOwner
FN:19,(anonymous_3)
FNF:4
FNH:4
FNDA:1,loadError
FNDA:1,loadCharactersSuccess
FNDA:2,loadCharactersByOwner
FNDA:2,(anonymous_3)
DA:5,1
DA:12,1
DA:19,2
DA:20,2
DA:21,2
DA:22,2
DA:23,1
DA:25,1
LF:8
LH:8
BRF:0
BRH:0
end_of_record
TN:
SF:src/redux/reducers/charactersReducer.js
FN:3,charactersReducer
FNF:1
FNH:1
FNDA:6,charactersReducer
DA:4,6
DA:6,6
DA:8,1
DA:9,1
DA:12,1
DA:13,1
DA:16,1
DA:17,1
DA:20,1
DA:21,1
DA:24,2
DA:25,2
DA:28,6
LF:13
LH:13
BRDA:3,0,0,1
BRDA:6,1,0,1
BRDA:6,1,1,1
BRDA:6,1,2,1
BRDA:6,1,3,1
BRDA:6,1,4,2
BRF:6
BRH:6
end_of_record
TN:
SF:src/redux/reducers/usersReducer.js
FN:3,usersReducer
FNF:1
FNH:1
FNDA:5,usersReducer
DA:4,5
DA:6,5
DA:8,1
DA:9,1
DA:12,1
DA:13,1
DA:16,1
DA:17,1
DA:20,2
DA:21,2
DA:24,5
LF:11
LH:11
BRDA:3,0,0,1
BRDA:6,1,0,1
BRDA:6,1,1,1
BRDA:6,1,2,1
BRDA:6,1,3,2
BRF:5
BRH:5
end_of_record
